<?xml version="1.0" encoding="UTF-8"?>
<testsuite name="com.vallerry.blackjack.SuitTest" tests="1" skipped="0" failures="0" errors="0" timestamp="2022-04-08T12:45:25" hostname="DESKTOP-FTUNQ2G" time="0.021">
  <properties/>
  <testcase name="printHeart()" classname="com.vallerry.blackjack.SuitTest" time="0.021"/>
  <system-out><![CDATA[]]></system-out>
  <system-err><![CDATA[]]></system-err>
</testsuite>
